<?xml version="1.0" encoding="utf-8"?><testsuites name="pytest tests"><testsuite name="pytest" errors="1" failures="0" skipped="0" tests="1" time="0.500" timestamp="2025-07-30T22:05:44.763747+08:00" hostname="fiji.local"><testcase classname="" name="test_epic7_complete_flow" time="0.000"><error message="collection failure">../.venv/lib/python3.12/site-packages/_pytest/python.py:498: in importtestmodule
    mod = import_path(
../.venv/lib/python3.12/site-packages/_pytest/pathlib.py:587: in import_path
    importlib.import_module(module_name)
../../../.local/share/uv/python/cpython-3.12.6-macos-aarch64-none/lib/python3.12/importlib/__init__.py:90: in import_module
    return _bootstrap._gcd_import(name[level:], package, level)
           ^^^^^^^^^^^^^^^^^^^^^^^^^^^^^^^^^^^^^^^^^^^^^^^^^^^^
&lt;frozen importlib._bootstrap&gt;:1387: in _gcd_import
    ???
&lt;frozen importlib._bootstrap&gt;:1360: in _find_and_load
    ???
&lt;frozen importlib._bootstrap&gt;:1331: in _find_and_load_unlocked
    ???
&lt;frozen importlib._bootstrap&gt;:935: in _load_unlocked
    ???
../.venv/lib/python3.12/site-packages/_pytest/assertion/rewrite.py:186: in exec_module
    exec(co, module.__dict__)
tests/integration/test_epic7_complete_flow.py:21: in &lt;module&gt;
    from tests.utils.factories.route_factory import RouteFactory, RouteStopFactory
E     File "/Users/lgee258/Desktop/LuckyGas-v3/backend/tests/utils/factories/route_factory.py", line 242
E       &lt;/content&gt;
E       ^
E   SyntaxError: invalid syntax</error></testcase></testsuite></testsuites>